<?xml version="1.0" encoding="UTF-8"?>
<!-- Generated by org.testng.reporters.JUnitReportReporter -->
<testsuite hostname="DESKTOP-R3P24O8" failures="0" tests="1" name="com.juaracoding.pageobject.TestRunner" time="50.812" errors="0" timestamp="2022-09-01T02:43:09 WIB" skipped="0">
  <testcase classname="com.juaracoding.pageobject.TestRunner" name="runScenario" time="50.812"/>
  <system-out/>
</testsuite> <!-- com.juaracoding.pageobject.TestRunner -->
